0 info it worked if it ends with ok
1 verbose cli [ '/usr/bin/node', '/usr/bin/npm', 'run', 'start' ]
2 info using npm@3.5.2
3 info using node@v8.10.0
4 verbose config Skipping project config: /home/codeyasam/.npmrc. (matches userconfig)
5 verbose run-script [ 'prestart', 'start', 'poststart' ]
6 info lifecycle login-react@0.1.0~prestart: login-react@0.1.0
7 silly lifecycle login-react@0.1.0~prestart: no script for prestart, continuing
8 info lifecycle login-react@0.1.0~start: login-react@0.1.0
9 verbose lifecycle login-react@0.1.0~start: unsafe-perm in lifecycle true
10 verbose lifecycle login-react@0.1.0~start: PATH: /usr/share/npm/bin/node-gyp-bin:/home/codeyasam/node_modules/.bin:/usr/local/sbin:/usr/local/bin:/usr/sbin:/usr/bin:/sbin:/bin:/usr/games:/usr/local/games:/snap/bin:/usr/lib/jvm/java-8-oracle/bin:/usr/lib/jvm/java-8-oracle/db/bin:/usr/lib/jvm/java-8-oracle/jre/bin
11 verbose lifecycle login-react@0.1.0~start: CWD: /home/codeyasam
12 silly lifecycle login-react@0.1.0~start: Args: [ '-c', 'react-scripts start' ]
13 silly lifecycle login-react@0.1.0~start: Returned: code: 1  signal: null
14 info lifecycle login-react@0.1.0~start: Failed to exec start script
15 verbose stack Error: login-react@0.1.0 start: `react-scripts start`
15 verbose stack Exit status 1
15 verbose stack     at EventEmitter.<anonymous> (/usr/share/npm/lib/utils/lifecycle.js:232:16)
15 verbose stack     at emitTwo (events.js:126:13)
15 verbose stack     at EventEmitter.emit (events.js:214:7)
15 verbose stack     at ChildProcess.<anonymous> (/usr/share/npm/lib/utils/spawn.js:24:14)
15 verbose stack     at emitTwo (events.js:126:13)
15 verbose stack     at ChildProcess.emit (events.js:214:7)
15 verbose stack     at maybeClose (internal/child_process.js:925:16)
15 verbose stack     at Process.ChildProcess._handle.onexit (internal/child_process.js:209:5)
16 verbose pkgid login-react@0.1.0
17 verbose cwd /home/codeyasam/Development/TestCaseManagement/testcase-management
18 error Linux 4.15.0-34-generic
19 error argv "/usr/bin/node" "/usr/bin/npm" "run" "start"
20 error node v8.10.0
21 error npm  v3.5.2
22 error code ELIFECYCLE
23 error login-react@0.1.0 start: `react-scripts start`
23 error Exit status 1
24 error Failed at the login-react@0.1.0 start script 'react-scripts start'.
24 error Make sure you have the latest version of node.js and npm installed.
24 error If you do, this is most likely a problem with the login-react package,
24 error not with npm itself.
24 error Tell the author that this fails on your system:
24 error     react-scripts start
24 error You can get information on how to open an issue for this project with:
24 error     npm bugs login-react
24 error Or if that isn't available, you can get their info via:
24 error     npm owner ls login-react
24 error There is likely additional logging output above.
25 verbose exit [ 1, true ]
